{"F:\\BS CS 6th Semester\\EAD\\By Ali Ahmed\\Week 6\\Assignment 2\\Exploring NPM\\jest\\js\\cloneArray.js": {"path":"F:\\BS CS 6th Semester\\EAD\\By Ali Ahmed\\Week 6\\Assignment 2\\Exploring NPM\\jest\\js\\cloneArray.js","statementMap":{"0":{"start":{"line":2,"column":4},"end":{"line":2,"column":21}},"1":{"start":{"line":5,"column":0},"end":{"line":5,"column":27}}},"fnMap":{"0":{"name":"cloneArray","decl":{"start":{"line":1,"column":9},"end":{"line":1,"column":19}},"loc":{"start":{"line":1,"column":26},"end":{"line":3,"column":1}},"line":1}},"branchMap":{},"s":{"0":2,"1":1},"f":{"0":2},"b":{},"_coverageSchema":"1a1c01bbd47fc00a2c39e90264f33305004495a9","hash":"580a694083c7805ba071d7c7c042c00930b5a9b8"}
,"F:\\BS CS 6th Semester\\EAD\\By Ali Ahmed\\Week 6\\Assignment 2\\Exploring NPM\\jest\\js\\subtract.js": {"path":"F:\\BS CS 6th Semester\\EAD\\By Ali Ahmed\\Week 6\\Assignment 2\\Exploring NPM\\jest\\js\\subtract.js","statementMap":{"0":{"start":{"line":2,"column":4},"end":{"line":2,"column":16}},"1":{"start":{"line":5,"column":0},"end":{"line":5,"column":25}}},"fnMap":{"0":{"name":"subtract","decl":{"start":{"line":1,"column":9},"end":{"line":1,"column":17}},"loc":{"start":{"line":1,"column":22},"end":{"line":3,"column":1}},"line":1}},"branchMap":{},"s":{"0":1,"1":1},"f":{"0":1},"b":{},"_coverageSchema":"1a1c01bbd47fc00a2c39e90264f33305004495a9","hash":"b5016a7e7ed233cf3bf0ad352aa2b970c95f2aab"}
,"F:\\BS CS 6th Semester\\EAD\\By Ali Ahmed\\Week 6\\Assignment 2\\Exploring NPM\\jest\\js\\sum.js": {"path":"F:\\BS CS 6th Semester\\EAD\\By Ali Ahmed\\Week 6\\Assignment 2\\Exploring NPM\\jest\\js\\sum.js","statementMap":{"0":{"start":{"line":2,"column":4},"end":{"line":2,"column":16}},"1":{"start":{"line":5,"column":0},"end":{"line":5,"column":20}}},"fnMap":{"0":{"name":"sum","decl":{"start":{"line":1,"column":9},"end":{"line":1,"column":12}},"loc":{"start":{"line":1,"column":17},"end":{"line":3,"column":1}},"line":1}},"branchMap":{},"s":{"0":1,"1":1},"f":{"0":1},"b":{},"_coverageSchema":"1a1c01bbd47fc00a2c39e90264f33305004495a9","hash":"4011faa8216187f90a5bc9b29fbff0739b13af8e"}
}
